Arguments: 
  /home/sazzad/.nvm/versions/node/v10.19.0/bin/node /usr/share/yarn/bin/yarn.js

PATH: 
  /home/sazzad/anaconda2/bin:/home/sazzad/anaconda2/condabin:/home/sazzad/.nvm/versions/node/v10.19.0/bin:/home/sazzad/.local/bin:/home/sazzad/bin:/usr/local/sbin:/usr/local/bin:/usr/sbin:/usr/bin:/sbin:/bin:/usr/games:/usr/local/games:/snap/bin

Yarn version: 
  1.22.4

Node version: 
  10.19.0

Platform: 
  linux x64

Trace: 
  Error: getaddrinfo EAI_AGAIN registry.yarnpkg.com registry.yarnpkg.com:443
      at GetAddrInfoReqWrap.onlookup [as oncomplete] (dns.js:56:26)

npm manifest: 
  {
    "name": "sojobs",
    "private": true,
    "engines": {
      "node": ">=0.8.0"
    },
    "devDependencies": {
      "@babel/core": "^7.2.2",
      "@babel/preset-env": "^7.2.3",
      "@babel/polyfill": "7.2.5",
      "@babel/register": "^7.0.0",
      "babel-eslint": "^10.0.1",
      "del": "^2.2.0",
      "gulp": "^3.9.1",
      "gulp-babel": "^8.0.0",
      "gulp-cache": "^0.4.3",
      "gulp-chrome-manifest": "0.0.13",
      "gulp-clean-css": "^2.0.3",
      "gulp-eslint": "^2.0.0",
      "gulp-if": "^2.0.0",
      "gulp-imagemin": "^2.4.0",
      "gulp-livereload": "^3.8.1",
      "gulp-load-plugins": "^1.2.0",
      "gulp-htmlmin": "^2.0.0",
      "gulp-plumber": "^1.1.0",
      "gulp-size": "^2.1.0",
      "gulp-sourcemaps": "^1.6.0",
      "gulp-uglify": "^1.5.3",
      "gulp-useref": "^3.0.8",
      "gulp-zip": "^3.2.0",
      "main-bower-files": "^2.11.1",
      "run-sequence": "^1.1.5",
      "wiredep": "^4.0.0"
    },
    "eslintConfig": {
      "env": {
        "es6": true,
        "node": true,
        "browser": true
      },
      "globals": {
        "chrome": true
      },
      "parser": "babel-eslint",
      "parserOptions": {
        "ecmaVersion": 8
      },
      "rules": {
        "eol-last": 0,
        "quotes": [
          2,
          "single"
        ]
      }
    }
  }

yarn manifest: 
  No manifest

Lockfile: 
  No lockfile
